<?xml version="1.0" encoding="UTF-8"?>
<!-- Generated by org.testng.reporters.JUnitXMLReporter -->
<testsuite hostname="trinity" ignored="1" name="Default test" tests="3" failures="0" timestamp="01 Aug 2019 12:24:35 GMT" time="61.062" errors="0">
  <testcase name="Verify_Url_Test" time="10.019" classname="com.qa.activecampaign.test.OverViewPageTest"/>
  <testcase name="verify_OverviewPageTitle_Test" time="0.009" classname="com.qa.activecampaign.test.OverViewPageTest"/>
  <testcase name="verify_UserName_Test" time="0.1" classname="com.qa.activecampaign.test.OverViewPageTest"/>
  <testcase name="verify_settingsLink_Test" time="0.0" classname="com.qa.activecampaign.test.OverViewPageTest">
    <ignored/>
  </testcase> <!-- verify_settingsLink_Test -->
</testsuite> <!-- Default test -->
