<?xml version="1.0" encoding="UTF-8"?>
<testng-results skipped="0" failed="0" ignored="0" total="1" passed="1">
  <reporter-output>
  </reporter-output>
  <suite name="Default suite" duration-ms="23060" started-at="2019-08-08T03:34:33Z" finished-at="2019-08-08T03:34:56Z">
    <groups>
    </groups>
    <test name="Default test" duration-ms="23060" started-at="2019-08-08T03:34:33Z" finished-at="2019-08-08T03:34:56Z">
      <class name="com.qa.activecampaign.test.ContactsNPFTest">
        <test-method status="PASS" signature="setUp()[pri:0, instance:com.qa.activecampaign.test.ContactsNPFTest@1a968a59]" name="setUp" is-config="true" duration-ms="19321" started-at="2019-08-08T03:34:33Z" finished-at="2019-08-08T03:34:52Z">
          <reporter-output>
          </reporter-output>
        </test-method> <!-- setUp -->
        <test-method status="PASS" signature="createNewContactTest()[pri:0, instance:com.qa.activecampaign.test.ContactsNPFTest@1a968a59]" name="createNewContactTest" duration-ms="3040" started-at="2019-08-08T03:34:52Z" finished-at="2019-08-08T03:34:55Z">
          <reporter-output>
          </reporter-output>
        </test-method> <!-- createNewContactTest -->
        <test-method status="PASS" signature="tearDown()[pri:0, instance:com.qa.activecampaign.test.ContactsNPFTest@1a968a59]" name="tearDown" is-config="true" duration-ms="675" started-at="2019-08-08T03:34:55Z" finished-at="2019-08-08T03:34:56Z">
          <reporter-output>
          </reporter-output>
        </test-method> <!-- tearDown -->
      </class> <!-- com.qa.activecampaign.test.ContactsNPFTest -->
    </test> <!-- Default test -->
  </suite> <!-- Default suite -->
</testng-results>
